<?xml version="1.0" encoding="UTF-8"?>
<testsuite xmlns:xsi="http://www.w3.org/2001/XMLSchema-instance" xsi:noNamespaceSchemaLocation="https://maven.apache.org/surefire/maven-surefire-plugin/xsd/surefire-test-report.xsd" name="com.bharath.springweb.ProductrestapiApplicationTests" time="0.575" tests="1" errors="1" skipped="0" failures="0">
  <properties>
[...]
</properties>
  <testcase name="initializationError" classname="com.bharath.springweb.ProductrestapiApplicationTests" time="0.007">
    <error message="Unable to find a @SpringBootConfiguration, you need to use @ContextConfiguration or @SpringBootTest(classes=...) with your test" type="java.lang.IllegalStateException">java.lang.IllegalStateException: Unable to find a @SpringBootConfiguration, you need to use @ContextConfiguration or @SpringBootTest(classes=...) with your test
</error>
    <system-out><![CDATA[00:11:19.415 [main] DEBUG org.springframework.test.context.junit4.SpringJUnit4ClassRunner - SpringJUnit4ClassRunner constructor called with [class com.bharath.springweb.ProductrestapiApplicationTests]
00:11:19.427 [main] DEBUG org.springframework.test.context.BootstrapUtils - Instantiating CacheAwareContextLoaderDelegate from class [org.springframework.test.context.cache.DefaultCacheAwareContextLoaderDelegate]
00:11:19.441 [main] DEBUG org.springframework.test.context.BootstrapUtils - Instantiating BootstrapContext using constructor [public org.springframework.test.context.support.DefaultBootstrapContext(java.lang.Class,org.springframework.test.context.CacheAwareContextLoaderDelegate)]
00:11:19.473 [main] DEBUG org.springframework.test.context.BootstrapUtils - Instantiating TestContextBootstrapper for test class [com.bharath.springweb.ProductrestapiApplicationTests] from class [org.springframework.boot.test.context.SpringBootTestContextBootstrapper]
00:11:19.497 [main] INFO org.springframework.boot.test.context.SpringBootTestContextBootstrapper - Neither @ContextConfiguration nor @ContextHierarchy found for test class [com.bharath.springweb.ProductrestapiApplicationTests], using SpringBootContextLoader
00:11:19.502 [main] DEBUG org.springframework.test.context.support.AbstractContextLoader - Did not detect default resource location for test class [com.bharath.springweb.ProductrestapiApplicationTests]: class path resource [com/bharath/springweb/ProductrestapiApplicationTests-context.xml] does not exist
00:11:19.503 [main] DEBUG org.springframework.test.context.support.AbstractContextLoader - Did not detect default resource location for test class [com.bharath.springweb.ProductrestapiApplicationTests]: class path resource [com/bharath/springweb/ProductrestapiApplicationTestsContext.groovy] does not exist
00:11:19.503 [main] INFO org.springframework.test.context.support.AbstractContextLoader - Could not detect default resource locations for test class [com.bharath.springweb.ProductrestapiApplicationTests]: no resource found for suffixes {-context.xml, Context.groovy}.
00:11:19.504 [main] INFO org.springframework.test.context.support.AnnotationConfigContextLoaderUtils - Could not detect default configuration classes for test class [com.bharath.springweb.ProductrestapiApplicationTests]: ProductrestapiApplicationTests does not declare any static, non-private, non-final, nested classes annotated with @Configuration.
00:11:19.570 [main] DEBUG org.springframework.test.context.support.ActiveProfilesUtils - Could not find an 'annotation declaring class' for annotation type [org.springframework.test.context.ActiveProfiles] and class [com.bharath.springweb.ProductrestapiApplicationTests]
00:11:19.586 [main] DEBUG org.springframework.core.env.StandardEnvironment - Adding PropertySource 'systemProperties' with lowest search precedence
00:11:19.586 [main] DEBUG org.springframework.core.env.StandardEnvironment - Adding PropertySource 'systemEnvironment' with lowest search precedence
00:11:19.588 [main] DEBUG org.springframework.core.env.StandardEnvironment - Initialized StandardEnvironment with PropertySources [MapPropertySource@1312884893 {name='systemProperties', properties={java.runtime.name=Java(TM) SE Runtime Environment, sun.boot.library.path=C:\Users\aashi\GitHub\My Repositories\REST-API\MyRESTAPI\src\resources\Software\jdk1.8.0_202\jre\bin, java.vm.version=25.202-b08, java.vm.vendor=Oracle Corporation, java.vendor.url=http://java.oracle.com/, path.separator=;, java.vm.name=Java HotSpot(TM) 64-Bit Server VM, file.encoding.pkg=sun.io, user.country=IN, user.script=, sun.java.launcher=SUN_STANDARD, sun.os.patch.level=, java.vm.specification.name=Java Virtual Machine Specification, user.dir=C:\Users\aashi\GitHub\My Repositories\Learn-Spring-Boot\Section 10 - Health Checks and Metrics\productrestapi, java.runtime.version=1.8.0_202-b08, basedir=C:\Users\aashi\GitHub\My Repositories\Learn-Spring-Boot\Section 10 - Health Checks and Metrics\productrestapi, java.awt.graphicsenv=sun.awt.Win32GraphicsEnvironment, java.endorsed.dirs=C:\Users\aashi\GitHub\My Repositories\REST-API\MyRESTAPI\src\resources\Software\jdk1.8.0_202\jre\lib\endorsed, os.arch=amd64, surefire.real.class.path=C:\Users\aashi\AppData\Local\Temp\surefire863562627596738596\surefirebooter4584790782545239898.jar, java.io.tmpdir=C:\Users\aashi\AppData\Local\Temp\, line.separator=
, java.vm.specification.vendor=Oracle Corporation, user.variant=, os.name=Windows 10, sun.jnu.encoding=Cp1252, java.library.path=C:\Users\aashi\GitHub\My Repositories\REST-API\MyRESTAPI\src\resources\Software\jdk1.8.0_202\jre\bin;C:\WINDOWS\Sun\Java\bin;C:\WINDOWS\system32;C:\WINDOWS;C:\Users\aashi\anaconda3\condabin;C:/Program Files/Java/jdk-17/bin/server;C:/Program Files/Java/jdk-17/bin;C:\Program Files (x86)\Common Files\Oracle\Java\javapath;C:\Python311\Scripts\;C:\Python311\;C:\Program Files (x86)\Common Files\Intel\Shared Libraries\redist\intel64\compiler;C:\WINDOWS;C:\WINDOWS\system32;C:\WINDOWS\System32\OpenSSH\;C:\WINDOWS\System32\Wbem;C:\WINDOWS\System32\WindowsPowerShell\v1.0\;C:\Gradle\gradle-8.1.1\bin;C:\MinGW\bin;C:\MinGW\msys\1.0\bin;C:\OracleDatabase\app\aashi\product\21c\dbhomeXE\bin;C:\ProgramData\chocolatey\bin;C:\Flutter\flutter_windows-3.7.12-stable\flutter\bin;C:\Dart\dartsdk-windows-x64-release\dart-sdk\bin;C:\ProgramData\ComposerSetup\bin;C:\Program Files\Apache Maven 3.9.1\bin;C:\Program Files\Docker\Docker\resources\bin;C:\Program Files\dotnet\;C:\Program Files\Git\bin\git.exe;C:\Program Files\Git\cmd;C:\Program Files\Java\jdk-17\bin;C:\Program Files\Microsoft\jdk-11.0.16.101-hotspot\bin;C:\Program Files\Microsoft SQL Server\150\Tools\Binn\;C:\Program Files\Microsoft SQL Server\Client SDK\ODBC\170\Tools\Binn\;C:\Program Files\MiKTeX\miktex\bin\x64\;C:\Program Files\MySQL\MySQL Server 8.0\bin;C:\Program Files\NVIDIA Corporation\NVIDIA NvDLISR;C:\Program Files\PowerShell\7;C:\Program Files (x86)\NVIDIA Corporation\PhysX\Common;C:\Program Files (x86)\VMware\VMware Player\bin\;C:\texlive\2023\bin\windows;C:\Users\aashi\anaconda3\Scripts;C:\Users\aashi\AppData\Local\Android\Sdk;C:\Users\aashi\AppData\Local\Pandoc\;C:\Users\aashi\AppData\Local\Programs\Python\Python311\;C:\Users\aashi\AppData\Local\Programs\Python\Python311\Scripts\;C:\Users\DELL\AppData\Roaming\Python\Python39\Scripts;C:\Windows;C:\Windows\system32;C:\Windows\System32\OpenSSH\;C:\Windows\System32\Wbem;C:\Windows\System32\WindowsPowerShell\v1.0;C:\Windows\System32\WindowsPowerShell\v1.0\;C:\Windows;C:\Windows\System32\;C:\xampp\php;"C:\Program Files\Git\bin\git.exe;C:\Program Files\Git\cmd;C:\Windows\System32";C:\Program Files\nodejs\;C:\Program Files (x86)\Microsoft SQL Server\160\DTS\Binn\;C:\Program Files\Azure Data Studio\bin;C:\Program Files\CMake\bin;C:\Program Files\PowerShell\7\;C:\Program Files\Apache-Maven-3.9.5\bin;C:\Program Files\MySQL\MySQL Shell 8.0\bin\;C:\Ruby31-x64\bin;C:\Users\aashi\AppData\Local\Programs\Python\Python311\Scripts\;C:\Users\aashi\AppData\Local\Programs\Python\Python311\;C:\Users\aashi\AppData\Local\Microsoft\WindowsApps;C:\MinGW\bin;C:\Program Files\Java\jdk-17\bin;C:\Users\aashi\AppData\Local\GitHubDesktop\bin;C:\Users\aashi\AppData\Local\Programs\Microsoft VS Code\bin;C:\Users\aashi\AppData\Local\JetBrains\Toolbox\scripts;C:\Program Files\JetBrains\IntelliJ IDEA Community Edition 2022.3.3\bin;C:\Program Files\JetBrains\PyCharm Community Edition 2022.3.3\bin;C:\Program Files\JetBrains\DataSpell 2022.3.3\bin;C:\Windows;C:\Program Files\PowerShell\7;C:\Program Files\MySQL\MySQL Server 8.0\bin;C:\Flutter\flutter_windows-3.7.12-stable\flutter\bin;C:\Dart\dartsdk-windows-x64-release\dart-sdk\bin;C:\Program Files\Apache Maven 3.9.1\bin;C:\Users\aashi\AppData\Local\Pandoc\;C:\Gradle\gradle-8.1.1\bin;C:\Users\aashi\AppData\Roaming\Composer\vendor\bin;C:\Users\aashi\AppData\Local\Android\Sdk;C:\Users\aashi\AppData\Roaming\npm;C:\Program Files\Azure Data Studio\bin;C:\Users\aashi\.dotnet\tools;C:\Program Files\JetBrains\Writerside 232.10165\bin;;C:\Program Files\JetBrains\Aqua 232.9921.1\bin;;C:\Program Files\JetBrains\JetBrains Gateway 2023.2.4\bin;;C:\WINDOWS\System32;;., surefire.test.class.path=C:\Users\aashi\GitHub\My Repositories\Learn-Spring-Boot\Section 10 - Health Checks and Metrics\productrestapi\target\test-classes;C:\Users\aashi\GitHub\My Repositories\Learn-Spring-Boot\Section 10 - Health Checks and Metrics\productrestapi\target\classes;C:\Users\aashi\.m2\repository\org\springframework\boot\spring-boot-starter-data-jpa\2.0.6.RELEASE\spring-boot-starter-data-jpa-2.0.6.RELEASE.jar;C:\Users\aashi\.m2\repository\org\springframework\boot\spring-boot-starter\2.0.6.RELEASE\spring-boot-starter-2.0.6.RELEASE.jar;C:\Users\aashi\.m2\repository\org\springframework\boot\spring-boot\2.0.6.RELEASE\spring-boot-2.0.6.RELEASE.jar;C:\Users\aashi\.m2\repository\org\springframework\boot\spring-boot-autoconfigure\2.0.6.RELEASE\spring-boot-autoconfigure-2.0.6.RELEASE.jar;C:\Users\aashi\.m2\repository\org\springframework\boot\spring-boot-starter-logging\2.0.6.RELEASE\spring-boot-starter-logging-2.0.6.RELEASE.jar;C:\Users\aashi\.m2\repository\ch\qos\logback\logback-classic\1.2.3\logback-classic-1.2.3.jar;C:\Users\aashi\.m2\repository\ch\qos\logback\logback-core\1.2.3\logback-core-1.2.3.jar;C:\Users\aashi\.m2\repository\org\apache\logging\log4j\log4j-to-slf4j\2.10.0\log4j-to-slf4j-2.10.0.jar;C:\Users\aashi\.m2\repository\org\apache\logging\log4j\log4j-api\2.10.0\log4j-api-2.10.0.jar;C:\Users\aashi\.m2\repository\org\slf4j\jul-to-slf4j\1.7.25\jul-to-slf4j-1.7.25.jar;C:\Users\aashi\.m2\repository\javax\annotation\javax.annotation-api\1.3.2\javax.annotation-api-1.3.2.jar;C:\Users\aashi\.m2\repository\org\yaml\snakeyaml\1.19\snakeyaml-1.19.jar;C:\Users\aashi\.m2\repository\org\springframework\boot\spring-boot-starter-aop\2.0.6.RELEASE\spring-boot-starter-aop-2.0.6.RELEASE.jar;C:\Users\aashi\.m2\repository\org\aspectj\aspectjweaver\1.8.13\aspectjweaver-1.8.13.jar;C:\Users\aashi\.m2\repository\org\springframework\boot\spring-boot-starter-jdbc\2.0.6.RELEASE\spring-boot-starter-jdbc-2.0.6.RELEASE.jar;C:\Users\aashi\.m2\repository\com\zaxxer\HikariCP\2.7.9\HikariCP-2.7.9.jar;C:\Users\aashi\.m2\repository\org\springframework\spring-jdbc\5.0.10.RELEASE\spring-jdbc-5.0.10.RELEASE.jar;C:\Users\aashi\.m2\repository\javax\transaction\javax.transaction-api\1.2\javax.transaction-api-1.2.jar;C:\Users\aashi\.m2\repository\org\hibernate\hibernate-core\5.2.17.Final\hibernate-core-5.2.17.Final.jar;C:\Users\aashi\.m2\repository\org\jboss\logging\jboss-logging\3.3.2.Final\jboss-logging-3.3.2.Final.jar;C:\Users\aashi\.m2\repository\org\hibernate\javax\persistence\hibernate-jpa-2.1-api\1.0.2.Final\hibernate-jpa-2.1-api-1.0.2.Final.jar;C:\Users\aashi\.m2\repository\org\javassist\javassist\3.22.0-GA\javassist-3.22.0-GA.jar;C:\Users\aashi\.m2\repository\antlr\antlr\2.7.7\antlr-2.7.7.jar;C:\Users\aashi\.m2\repository\org\jboss\jandex\2.0.3.Final\jandex-2.0.3.Final.jar;C:\Users\aashi\.m2\repository\com\fasterxml\classmate\1.3.4\classmate-1.3.4.jar;C:\Users\aashi\.m2\repository\dom4j\dom4j\1.6.1\dom4j-1.6.1.jar;C:\Users\aashi\.m2\repository\org\hibernate\common\hibernate-commons-annotations\5.0.1.Final\hibernate-commons-annotations-5.0.1.Final.jar;C:\Users\aashi\.m2\repository\org\springframework\data\spring-data-jpa\2.0.11.RELEASE\spring-data-jpa-2.0.11.RELEASE.jar;C:\Users\aashi\.m2\repository\org\springframework\data\spring-data-commons\2.0.11.RELEASE\spring-data-commons-2.0.11.RELEASE.jar;C:\Users\aashi\.m2\repository\org\springframework\spring-orm\5.0.10.RELEASE\spring-orm-5.0.10.RELEASE.jar;C:\Users\aashi\.m2\repository\org\springframework\spring-context\5.0.10.RELEASE\spring-context-5.0.10.RELEASE.jar;C:\Users\aashi\.m2\repository\org\springframework\spring-tx\5.0.10.RELEASE\spring-tx-5.0.10.RELEASE.jar;C:\Users\aashi\.m2\repository\org\springframework\spring-beans\5.0.10.RELEASE\spring-beans-5.0.10.RELEASE.jar;C:\Users\aashi\.m2\repository\org\slf4j\slf4j-api\1.7.25\slf4j-api-1.7.25.jar;C:\Users\aashi\.m2\repository\org\springframework\spring-aspects\5.0.10.RELEASE\spring-aspects-5.0.10.RELEASE.jar;C:\Users\aashi\.m2\repository\org\springframework\boot\spring-boot-starter-web\2.0.6.RELEASE\spring-boot-starter-web-2.0.6.RELEASE.jar;C:\Users\aashi\.m2\repository\org\springframework\boot\spring-boot-starter-json\2.0.6.RELEASE\spring-boot-starter-json-2.0.6.RELEASE.jar;C:\Users\aashi\.m2\repository\com\fasterxml\jackson\core\jackson-databind\2.9.7\jackson-databind-2.9.7.jar;C:\Users\aashi\.m2\repository\com\fasterxml\jackson\core\jackson-annotations\2.9.0\jackson-annotations-2.9.0.jar;C:\Users\aashi\.m2\repository\com\fasterxml\jackson\core\jackson-core\2.9.7\jackson-core-2.9.7.jar;C:\Users\aashi\.m2\repository\com\fasterxml\jackson\datatype\jackson-datatype-jdk8\2.9.7\jackson-datatype-jdk8-2.9.7.jar;C:\Users\aashi\.m2\repository\com\fasterxml\jackson\datatype\jackson-datatype-jsr310\2.9.7\jackson-datatype-jsr310-2.9.7.jar;C:\Users\aashi\.m2\repository\com\fasterxml\jackson\module\jackson-module-parameter-names\2.9.7\jackson-module-parameter-names-2.9.7.jar;C:\Users\aashi\.m2\repository\org\springframework\boot\spring-boot-starter-tomcat\2.0.6.RELEASE\spring-boot-starter-tomcat-2.0.6.RELEASE.jar;C:\Users\aashi\.m2\repository\org\apache\tomcat\embed\tomcat-embed-core\8.5.34\tomcat-embed-core-8.5.34.jar;C:\Users\aashi\.m2\repository\org\apache\tomcat\embed\tomcat-embed-el\8.5.34\tomcat-embed-el-8.5.34.jar;C:\Users\aashi\.m2\repository\org\apache\tomcat\embed\tomcat-embed-websocket\8.5.34\tomcat-embed-websocket-8.5.34.jar;C:\Users\aashi\.m2\repository\org\hibernate\validator\hibernate-validator\6.0.13.Final\hibernate-validator-6.0.13.Final.jar;C:\Users\aashi\.m2\repository\javax\validation\validation-api\2.0.1.Final\validation-api-2.0.1.Final.jar;C:\Users\aashi\.m2\repository\org\springframework\spring-web\5.0.10.RELEASE\spring-web-5.0.10.RELEASE.jar;C:\Users\aashi\.m2\repository\org\springframework\spring-webmvc\5.0.10.RELEASE\spring-webmvc-5.0.10.RELEASE.jar;C:\Users\aashi\.m2\repository\org\springframework\spring-expression\5.0.10.RELEASE\spring-expression-5.0.10.RELEASE.jar;C:\Users\aashi\.m2\repository\org\springframework\boot\spring-boot-starter-actuator\2.0.6.RELEASE\spring-boot-starter-actuator-2.0.6.RELEASE.jar;C:\Users\aashi\.m2\repository\org\springframework\boot\spring-boot-actuator-autoconfigure\2.0.6.RELEASE\spring-boot-actuator-autoconfigure-2.0.6.RELEASE.jar;C:\Users\aashi\.m2\repository\org\springframework\boot\spring-boot-actuator\2.0.6.RELEASE\spring-boot-actuator-2.0.6.RELEASE.jar;C:\Users\aashi\.m2\repository\io\micrometer\micrometer-core\1.0.7\micrometer-core-1.0.7.jar;C:\Users\aashi\.m2\repository\org\hdrhistogram\HdrHistogram\2.1.10\HdrHistogram-2.1.10.jar;C:\Users\aashi\.m2\repository\org\latencyutils\LatencyUtils\2.0.3\LatencyUtils-2.0.3.jar;C:\Users\aashi\.m2\repository\org\springframework\boot\spring-boot-starter-security\2.0.6.RELEASE\spring-boot-starter-security-2.0.6.RELEASE.jar;C:\Users\aashi\.m2\repository\org\springframework\spring-aop\5.0.10.RELEASE\spring-aop-5.0.10.RELEASE.jar;C:\Users\aashi\.m2\repository\org\springframework\security\spring-security-config\5.0.9.RELEASE\spring-security-config-5.0.9.RELEASE.jar;C:\Users\aashi\.m2\repository\org\springframework\security\spring-security-core\5.0.9.RELEASE\spring-security-core-5.0.9.RELEASE.jar;C:\Users\aashi\.m2\repository\org\springframework\security\spring-security-web\5.0.9.RELEASE\spring-security-web-5.0.9.RELEASE.jar;C:\Users\aashi\.m2\repository\mysql\mysql-connector-java\5.1.47\mysql-connector-java-5.1.47.jar;C:\Users\aashi\.m2\repository\org\springframework\boot\spring-boot-starter-test\2.0.6.RELEASE\spring-boot-starter-test-2.0.6.RELEASE.jar;C:\Users\aashi\.m2\repository\org\springframework\boot\spring-boot-test\2.0.6.RELEASE\spring-boot-test-2.0.6.RELEASE.jar;C:\Users\aashi\.m2\repository\org\springframework\boot\spring-boot-test-autoconfigure\2.0.6.RELEASE\spring-boot-test-autoconfigure-2.0.6.RELEASE.jar;C:\Users\aashi\.m2\repository\com\jayway\jsonpath\json-path\2.4.0\json-path-2.4.0.jar;C:\Users\aashi\.m2\repository\net\minidev\json-smart\2.3\json-smart-2.3.jar;C:\Users\aashi\.m2\repository\net\minidev\accessors-smart\1.2\accessors-smart-1.2.jar;C:\Users\aashi\.m2\repository\org\ow2\asm\asm\5.0.4\asm-5.0.4.jar;C:\Users\aashi\.m2\repository\junit\junit\4.12\junit-4.12.jar;C:\Users\aashi\.m2\repository\org\assertj\assertj-core\3.9.1\assertj-core-3.9.1.jar;C:\Users\aashi\.m2\repository\org\mockito\mockito-core\2.15.0\mockito-core-2.15.0.jar;C:\Users\aashi\.m2\repository\net\bytebuddy\byte-buddy\1.7.11\byte-buddy-1.7.11.jar;C:\Users\aashi\.m2\repository\net\bytebuddy\byte-buddy-agent\1.7.11\byte-buddy-agent-1.7.11.jar;C:\Users\aashi\.m2\repository\org\objenesis\objenesis\2.6\objenesis-2.6.jar;C:\Users\aashi\.m2\repository\org\hamcrest\hamcrest-core\1.3\hamcrest-core-1.3.jar;C:\Users\aashi\.m2\repository\org\hamcrest\hamcrest-library\1.3\hamcrest-library-1.3.jar;C:\Users\aashi\.m2\repository\org\skyscreamer\jsonassert\1.5.0\jsonassert-1.5.0.jar;C:\Users\aashi\.m2\repository\com\vaadin\external\google\android-json\0.0.20131108.vaadin1\android-json-0.0.20131108.vaadin1.jar;C:\Users\aashi\.m2\repository\org\springframework\spring-core\5.0.10.RELEASE\spring-core-5.0.10.RELEASE.jar;C:\Users\aashi\.m2\repository\org\springframework\spring-jcl\5.0.10.RELEASE\spring-jcl-5.0.10.RELEASE.jar;C:\Users\aashi\.m2\repository\org\springframework\spring-test\5.0.10.RELEASE\spring-test-5.0.10.RELEASE.jar;C:\Users\aashi\.m2\repository\org\xmlunit\xmlunit-core\2.5.1\xmlunit-core-2.5.1.jar;, java.specification.name=Java Platform API Specification, java.class.version=52.0, sun.management.compiler=HotSpot 64-Bit Tiered Compilers, os.version=10.0, user.home=C:\Users\aashi, user.timezone=Asia/Calcutta, java.awt.printerjob=sun.awt.windows.WPrinterJob, file.encoding=Cp1252, java.specification.version=1.8, java.class.path=C:\Users\aashi\GitHub\My Repositories\Learn-Spring-Boot\Section 10 - Health Checks and Metrics\productrestapi\target\test-classes;C:\Users\aashi\GitHub\My Repositories\Learn-Spring-Boot\Section 10 - Health Checks and Metrics\productrestapi\target\classes;C:\Users\aashi\.m2\repository\org\springframework\boot\spring-boot-starter-data-jpa\2.0.6.RELEASE\spring-boot-starter-data-jpa-2.0.6.RELEASE.jar;C:\Users\aashi\.m2\repository\org\springframework\boot\spring-boot-starter\2.0.6.RELEASE\spring-boot-starter-2.0.6.RELEASE.jar;C:\Users\aashi\.m2\repository\org\springframework\boot\spring-boot\2.0.6.RELEASE\spring-boot-2.0.6.RELEASE.jar;C:\Users\aashi\.m2\repository\org\springframework\boot\spring-boot-autoconfigure\2.0.6.RELEASE\spring-boot-autoconfigure-2.0.6.RELEASE.jar;C:\Users\aashi\.m2\repository\org\springframework\boot\spring-boot-starter-logging\2.0.6.RELEASE\spring-boot-starter-logging-2.0.6.RELEASE.jar;C:\Users\aashi\.m2\repository\ch\qos\logback\logback-classic\1.2.3\logback-classic-1.2.3.jar;C:\Users\aashi\.m2\repository\ch\qos\logback\logback-core\1.2.3\logback-core-1.2.3.jar;C:\Users\aashi\.m2\repository\org\apache\logging\log4j\log4j-to-slf4j\2.10.0\log4j-to-slf4j-2.10.0.jar;C:\Users\aashi\.m2\repository\org\apache\logging\log4j\log4j-api\2.10.0\log4j-api-2.10.0.jar;C:\Users\aashi\.m2\repository\org\slf4j\jul-to-slf4j\1.7.25\jul-to-slf4j-1.7.25.jar;C:\Users\aashi\.m2\repository\javax\annotation\javax.annotation-api\1.3.2\javax.annotation-api-1.3.2.jar;C:\Users\aashi\.m2\repository\org\yaml\snakeyaml\1.19\snakeyaml-1.19.jar;C:\Users\aashi\.m2\repository\org\springframework\boot\spring-boot-starter-aop\2.0.6.RELEASE\spring-boot-starter-aop-2.0.6.RELEASE.jar;C:\Users\aashi\.m2\repository\org\aspectj\aspectjweaver\1.8.13\aspectjweaver-1.8.13.jar;C:\Users\aashi\.m2\repository\org\springframework\boot\spring-boot-starter-jdbc\2.0.6.RELEASE\spring-boot-starter-jdbc-2.0.6.RELEASE.jar;C:\Users\aashi\.m2\repository\com\zaxxer\HikariCP\2.7.9\HikariCP-2.7.9.jar;C:\Users\aashi\.m2\repository\org\springframework\spring-jdbc\5.0.10.RELEASE\spring-jdbc-5.0.10.RELEASE.jar;C:\Users\aashi\.m2\repository\javax\transaction\javax.transaction-api\1.2\javax.transaction-api-1.2.jar;C:\Users\aashi\.m2\repository\org\hibernate\hibernate-core\5.2.17.Final\hibernate-core-5.2.17.Final.jar;C:\Users\aashi\.m2\repository\org\jboss\logging\jboss-logging\3.3.2.Final\jboss-logging-3.3.2.Final.jar;C:\Users\aashi\.m2\repository\org\hibernate\javax\persistence\hibernate-jpa-2.1-api\1.0.2.Final\hibernate-jpa-2.1-api-1.0.2.Final.jar;C:\Users\aashi\.m2\repository\org\javassist\javassist\3.22.0-GA\javassist-3.22.0-GA.jar;C:\Users\aashi\.m2\repository\antlr\antlr\2.7.7\antlr-2.7.7.jar;C:\Users\aashi\.m2\repository\org\jboss\jandex\2.0.3.Final\jandex-2.0.3.Final.jar;C:\Users\aashi\.m2\repository\com\fasterxml\classmate\1.3.4\classmate-1.3.4.jar;C:\Users\aashi\.m2\repository\dom4j\dom4j\1.6.1\dom4j-1.6.1.jar;C:\Users\aashi\.m2\repository\org\hibernate\common\hibernate-commons-annotations\5.0.1.Final\hibernate-commons-annotations-5.0.1.Final.jar;C:\Users\aashi\.m2\repository\org\springframework\data\spring-data-jpa\2.0.11.RELEASE\spring-data-jpa-2.0.11.RELEASE.jar;C:\Users\aashi\.m2\repository\org\springframework\data\spring-data-commons\2.0.11.RELEASE\spring-data-commons-2.0.11.RELEASE.jar;C:\Users\aashi\.m2\repository\org\springframework\spring-orm\5.0.10.RELEASE\spring-orm-5.0.10.RELEASE.jar;C:\Users\aashi\.m2\repository\org\springframework\spring-context\5.0.10.RELEASE\spring-context-5.0.10.RELEASE.jar;C:\Users\aashi\.m2\repository\org\springframework\spring-tx\5.0.10.RELEASE\spring-tx-5.0.10.RELEASE.jar;C:\Users\aashi\.m2\repository\org\springframework\spring-beans\5.0.10.RELEASE\spring-beans-5.0.10.RELEASE.jar;C:\Users\aashi\.m2\repository\org\slf4j\slf4j-api\1.7.25\slf4j-api-1.7.25.jar;C:\Users\aashi\.m2\repository\org\springframework\spring-aspects\5.0.10.RELEASE\spring-aspects-5.0.10.RELEASE.jar;C:\Users\aashi\.m2\repository\org\springframework\boot\spring-boot-starter-web\2.0.6.RELEASE\spring-boot-starter-web-2.0.6.RELEASE.jar;C:\Users\aashi\.m2\repository\org\springframework\boot\spring-boot-starter-json\2.0.6.RELEASE\spring-boot-starter-json-2.0.6.RELEASE.jar;C:\Users\aashi\.m2\repository\com\fasterxml\jackson\core\jackson-databind\2.9.7\jackson-databind-2.9.7.jar;C:\Users\aashi\.m2\repository\com\fasterxml\jackson\core\jackson-annotations\2.9.0\jackson-annotations-2.9.0.jar;C:\Users\aashi\.m2\repository\com\fasterxml\jackson\core\jackson-core\2.9.7\jackson-core-2.9.7.jar;C:\Users\aashi\.m2\repository\com\fasterxml\jackson\datatype\jackson-datatype-jdk8\2.9.7\jackson-datatype-jdk8-2.9.7.jar;C:\Users\aashi\.m2\repository\com\fasterxml\jackson\datatype\jackson-datatype-jsr310\2.9.7\jackson-datatype-jsr310-2.9.7.jar;C:\Users\aashi\.m2\repository\com\fasterxml\jackson\module\jackson-module-parameter-names\2.9.7\jackson-module-parameter-names-2.9.7.jar;C:\Users\aashi\.m2\repository\org\springframework\boot\spring-boot-starter-tomcat\2.0.6.RELEASE\spring-boot-starter-tomcat-2.0.6.RELEASE.jar;C:\Users\aashi\.m2\repository\org\apache\tomcat\embed\tomcat-embed-core\8.5.34\tomcat-embed-core-8.5.34.jar;C:\Users\aashi\.m2\repository\org\apache\tomcat\embed\tomcat-embed-el\8.5.34\tomcat-embed-el-8.5.34.jar;C:\Users\aashi\.m2\repository\org\apache\tomcat\embed\tomcat-embed-websocket\8.5.34\tomcat-embed-websocket-8.5.34.jar;C:\Users\aashi\.m2\repository\org\hibernate\validator\hibernate-validator\6.0.13.Final\hibernate-validator-6.0.13.Final.jar;C:\Users\aashi\.m2\repository\javax\validation\validation-api\2.0.1.Final\validation-api-2.0.1.Final.jar;C:\Users\aashi\.m2\repository\org\springframework\spring-web\5.0.10.RELEASE\spring-web-5.0.10.RELEASE.jar;C:\Users\aashi\.m2\repository\org\springframework\spring-webmvc\5.0.10.RELEASE\spring-webmvc-5.0.10.RELEASE.jar;C:\Users\aashi\.m2\repository\org\springframework\spring-expression\5.0.10.RELEASE\spring-expression-5.0.10.RELEASE.jar;C:\Users\aashi\.m2\repository\org\springframework\boot\spring-boot-starter-actuator\2.0.6.RELEASE\spring-boot-starter-actuator-2.0.6.RELEASE.jar;C:\Users\aashi\.m2\repository\org\springframework\boot\spring-boot-actuator-autoconfigure\2.0.6.RELEASE\spring-boot-actuator-autoconfigure-2.0.6.RELEASE.jar;C:\Users\aashi\.m2\repository\org\springframework\boot\spring-boot-actuator\2.0.6.RELEASE\spring-boot-actuator-2.0.6.RELEASE.jar;C:\Users\aashi\.m2\repository\io\micrometer\micrometer-core\1.0.7\micrometer-core-1.0.7.jar;C:\Users\aashi\.m2\repository\org\hdrhistogram\HdrHistogram\2.1.10\HdrHistogram-2.1.10.jar;C:\Users\aashi\.m2\repository\org\latencyutils\LatencyUtils\2.0.3\LatencyUtils-2.0.3.jar;C:\Users\aashi\.m2\repository\org\springframework\boot\spring-boot-starter-security\2.0.6.RELEASE\spring-boot-starter-security-2.0.6.RELEASE.jar;C:\Users\aashi\.m2\repository\org\springframework\spring-aop\5.0.10.RELEASE\spring-aop-5.0.10.RELEASE.jar;C:\Users\aashi\.m2\repository\org\springframework\security\spring-security-config\5.0.9.RELEASE\spring-security-config-5.0.9.RELEASE.jar;C:\Users\aashi\.m2\repository\org\springframework\security\spring-security-core\5.0.9.RELEASE\spring-security-core-5.0.9.RELEASE.jar;C:\Users\aashi\.m2\repository\org\springframework\security\spring-security-web\5.0.9.RELEASE\spring-security-web-5.0.9.RELEASE.jar;C:\Users\aashi\.m2\repository\mysql\mysql-connector-java\5.1.47\mysql-connector-java-5.1.47.jar;C:\Users\aashi\.m2\repository\org\springframework\boot\spring-boot-starter-test\2.0.6.RELEASE\spring-boot-starter-test-2.0.6.RELEASE.jar;C:\Users\aashi\.m2\repository\org\springframework\boot\spring-boot-test\2.0.6.RELEASE\spring-boot-test-2.0.6.RELEASE.jar;C:\Users\aashi\.m2\repository\org\springframework\boot\spring-boot-test-autoconfigure\2.0.6.RELEASE\spring-boot-test-autoconfigure-2.0.6.RELEASE.jar;C:\Users\aashi\.m2\repository\com\jayway\jsonpath\json-path\2.4.0\json-path-2.4.0.jar;C:\Users\aashi\.m2\repository\net\minidev\json-smart\2.3\json-smart-2.3.jar;C:\Users\aashi\.m2\repository\net\minidev\accessors-smart\1.2\accessors-smart-1.2.jar;C:\Users\aashi\.m2\repository\org\ow2\asm\asm\5.0.4\asm-5.0.4.jar;C:\Users\aashi\.m2\repository\junit\junit\4.12\junit-4.12.jar;C:\Users\aashi\.m2\repository\org\assertj\assertj-core\3.9.1\assertj-core-3.9.1.jar;C:\Users\aashi\.m2\repository\org\mockito\mockito-core\2.15.0\mockito-core-2.15.0.jar;C:\Users\aashi\.m2\repository\net\bytebuddy\byte-buddy\1.7.11\byte-buddy-1.7.11.jar;C:\Users\aashi\.m2\repository\net\bytebuddy\byte-buddy-agent\1.7.11\byte-buddy-agent-1.7.11.jar;C:\Users\aashi\.m2\repository\org\objenesis\objenesis\2.6\objenesis-2.6.jar;C:\Users\aashi\.m2\repository\org\hamcrest\hamcrest-core\1.3\hamcrest-core-1.3.jar;C:\Users\aashi\.m2\repository\org\hamcrest\hamcrest-library\1.3\hamcrest-library-1.3.jar;C:\Users\aashi\.m2\repository\org\skyscreamer\jsonassert\1.5.0\jsonassert-1.5.0.jar;C:\Users\aashi\.m2\repository\com\vaadin\external\google\android-json\0.0.20131108.vaadin1\android-json-0.0.20131108.vaadin1.jar;C:\Users\aashi\.m2\repository\org\springframework\spring-core\5.0.10.RELEASE\spring-core-5.0.10.RELEASE.jar;C:\Users\aashi\.m2\repository\org\springframework\spring-jcl\5.0.10.RELEASE\spring-jcl-5.0.10.RELEASE.jar;C:\Users\aashi\.m2\repository\org\springframework\spring-test\5.0.10.RELEASE\spring-test-5.0.10.RELEASE.jar;C:\Users\aashi\.m2\repository\org\xmlunit\xmlunit-core\2.5.1\xmlunit-core-2.5.1.jar;, user.name=aashi, java.vm.specification.version=1.8, sun.java.command=C:\Users\aashi\AppData\Local\Temp\surefire863562627596738596\surefirebooter4584790782545239898.jar C:\Users\aashi\AppData\Local\Temp\surefire863562627596738596 2023-11-05T00-11-18_091-jvmRun1 surefire8252108255981908063tmp surefire_04974511743812502731tmp, java.home=C:\Users\aashi\GitHub\My Repositories\REST-API\MyRESTAPI\src\resources\Software\jdk1.8.0_202\jre, sun.arch.data.model=64, user.language=en, java.specification.vendor=Oracle Corporation, awt.toolkit=sun.awt.windows.WToolkit, java.vm.info=mixed mode, java.version=1.8.0_202, java.ext.dirs=C:\Users\aashi\GitHub\My Repositories\REST-API\MyRESTAPI\src\resources\Software\jdk1.8.0_202\jre\lib\ext;C:\WINDOWS\Sun\Java\lib\ext, sun.boot.class.path=C:\Users\aashi\GitHub\My Repositories\REST-API\MyRESTAPI\src\resources\Software\jdk1.8.0_202\jre\lib\resources.jar;C:\Users\aashi\GitHub\My Repositories\REST-API\MyRESTAPI\src\resources\Software\jdk1.8.0_202\jre\lib\rt.jar;C:\Users\aashi\GitHub\My Repositories\REST-API\MyRESTAPI\src\resources\Software\jdk1.8.0_202\jre\lib\sunrsasign.jar;C:\Users\aashi\GitHub\My Repositories\REST-API\MyRESTAPI\src\resources\Software\jdk1.8.0_202\jre\lib\jsse.jar;C:\Users\aashi\GitHub\My Repositories\REST-API\MyRESTAPI\src\resources\Software\jdk1.8.0_202\jre\lib\jce.jar;C:\Users\aashi\GitHub\My Repositories\REST-API\MyRESTAPI\src\resources\Software\jdk1.8.0_202\jre\lib\charsets.jar;C:\Users\aashi\GitHub\My Repositories\REST-API\MyRESTAPI\src\resources\Software\jdk1.8.0_202\jre\lib\jfr.jar;C:\Users\aashi\GitHub\My Repositories\REST-API\MyRESTAPI\src\resources\Software\jdk1.8.0_202\jre\classes, java.vendor=Oracle Corporation, localRepository=C:\Users\aashi\.m2\repository, style.color=always, file.separator=\, java.vendor.url.bug=http://bugreport.sun.com/bugreport/, sun.io.unicode.encoding=UnicodeLittle, sun.cpu.endian=little, sun.desktop=windows, sun.cpu.isalist=amd64}}, SystemEnvironmentPropertySource@849373393 {name='systemEnvironment', properties={PATH=C:\Users\aashi\anaconda3\condabin;C:/Program Files/Java/jdk-17/bin/server;C:/Program Files/Java/jdk-17/bin;C:\Program Files (x86)\Common Files\Oracle\Java\javapath;C:\Python311\Scripts\;C:\Python311\;C:\Program Files (x86)\Common Files\Intel\Shared Libraries\redist\intel64\compiler;C:\WINDOWS;C:\WINDOWS\system32;C:\WINDOWS\System32\OpenSSH\;C:\WINDOWS\System32\Wbem;C:\WINDOWS\System32\WindowsPowerShell\v1.0\;C:\Gradle\gradle-8.1.1\bin;C:\MinGW\bin;C:\MinGW\msys\1.0\bin;C:\OracleDatabase\app\aashi\product\21c\dbhomeXE\bin;C:\ProgramData\chocolatey\bin;C:\Flutter\flutter_windows-3.7.12-stable\flutter\bin;C:\Dart\dartsdk-windows-x64-release\dart-sdk\bin;C:\ProgramData\ComposerSetup\bin;C:\Program Files\Apache Maven 3.9.1\bin;C:\Program Files\Docker\Docker\resources\bin;C:\Program Files\dotnet\;C:\Program Files\Git\bin\git.exe;C:\Program Files\Git\cmd;C:\Program Files\Java\jdk-17\bin;C:\Program Files\Microsoft\jdk-11.0.16.101-hotspot\bin;C:\Program Files\Microsoft SQL Server\150\Tools\Binn\;C:\Program Files\Microsoft SQL Server\Client SDK\ODBC\170\Tools\Binn\;C:\Program Files\MiKTeX\miktex\bin\x64\;C:\Program Files\MySQL\MySQL Server 8.0\bin;C:\Program Files\NVIDIA Corporation\NVIDIA NvDLISR;C:\Program Files\PowerShell\7;C:\Program Files (x86)\NVIDIA Corporation\PhysX\Common;C:\Program Files (x86)\VMware\VMware Player\bin\;C:\texlive\2023\bin\windows;C:\Users\aashi\anaconda3\Scripts;C:\Users\aashi\AppData\Local\Android\Sdk;C:\Users\aashi\AppData\Local\Pandoc\;C:\Users\aashi\AppData\Local\Programs\Python\Python311\;C:\Users\aashi\AppData\Local\Programs\Python\Python311\Scripts\;C:\Users\DELL\AppData\Roaming\Python\Python39\Scripts;C:\Windows;C:\Windows\system32;C:\Windows\System32\OpenSSH\;C:\Windows\System32\Wbem;C:\Windows\System32\WindowsPowerShell\v1.0;C:\Windows\System32\WindowsPowerShell\v1.0\;C:\Windows;C:\Windows\System32\;C:\xampp\php;"C:\Program Files\Git\bin\git.exe;C:\Program Files\Git\cmd;C:\Windows\System32";C:\Program Files\nodejs\;C:\Program Files (x86)\Microsoft SQL Server\160\DTS\Binn\;C:\Program Files\Azure Data Studio\bin;C:\Program Files\CMake\bin;C:\Program Files\PowerShell\7\;C:\Program Files\Apache-Maven-3.9.5\bin;C:\Program Files\MySQL\MySQL Shell 8.0\bin\;C:\Ruby31-x64\bin;C:\Users\aashi\AppData\Local\Programs\Python\Python311\Scripts\;C:\Users\aashi\AppData\Local\Programs\Python\Python311\;C:\Users\aashi\AppData\Local\Microsoft\WindowsApps;C:\MinGW\bin;C:\Program Files\Java\jdk-17\bin;C:\Users\aashi\AppData\Local\GitHubDesktop\bin;C:\Users\aashi\AppData\Local\Programs\Microsoft VS Code\bin;C:\Users\aashi\AppData\Local\JetBrains\Toolbox\scripts;C:\Program Files\JetBrains\IntelliJ IDEA Community Edition 2022.3.3\bin;C:\Program Files\JetBrains\PyCharm Community Edition 2022.3.3\bin;C:\Program Files\JetBrains\DataSpell 2022.3.3\bin;C:\Windows;C:\Program Files\PowerShell\7;C:\Program Files\MySQL\MySQL Server 8.0\bin;C:\Flutter\flutter_windows-3.7.12-stable\flutter\bin;C:\Dart\dartsdk-windows-x64-release\dart-sdk\bin;C:\Program Files\Apache Maven 3.9.1\bin;C:\Users\aashi\AppData\Local\Pandoc\;C:\Gradle\gradle-8.1.1\bin;C:\Users\aashi\AppData\Roaming\Composer\vendor\bin;C:\Users\aashi\AppData\Local\Android\Sdk;C:\Users\aashi\AppData\Roaming\npm;C:\Program Files\Azure Data Studio\bin;C:\Users\aashi\.dotnet\tools;C:\Program Files\JetBrains\Writerside 232.10165\bin;;C:\Program Files\JetBrains\Aqua 232.9921.1\bin;;C:\Program Files\JetBrains\JetBrains Gateway 2023.2.4\bin;;C:\WINDOWS\System32;, USERDOMAIN_ROAMINGPROFILE=LAPTOP-DJ3RR2OM, PROCESSOR_LEVEL=6, SYSTEMDRIVE=C:, SESSIONNAME=Console, ALLUSERSPROFILE=C:\ProgramData, INTEL_DEV_REDIST=C:\Program Files (x86)\Common Files\Intel\Shared Libraries\, PROCESSOR_ARCHITECTURE=AMD64, PUB_ENVIRONMENT=C:\Users\aashi\AppData\Local\Pub\Cache, MIC_LD_LIBRARY_PATH=C:\Program Files (x86)\Common Files\Intel\Shared Libraries\compiler\lib\mic, DRIVERDATA=C:\Windows\System32\Drivers\DriverData, =ExitCode=00000000, MAVEN_HOME=C:\Program Files\Apache-Maven-3.9.5, PROGRAMFILES=C:\Program Files, PSMODULEPATH=C:\Program Files\WindowsPowerShell\Modules;C:\WINDOWS\system32\WindowsPowerShell\v1.0\Modules, PROGRAMDATA=C:\ProgramData, CHOCOLATEYLASTPATHUPDATE=133238539666568918, DATASPELL=C:\Program Files\JetBrains\DataSpell 2022.3.3\bin;, USERNAME=aashi, ONEDRIVE=C:\Users\aashi\OneDrive, AQUA=C:\Program Files\JetBrains\Aqua 232.9921.1\bin;, PATHEXT=.COM;.EXE;.BAT;.CMD;.VBS;.VBE;.JS;.JSE;.WSF;.WSH;.MSC;.PY;.PYW;.RB;.RBW, ONEDRIVECONSUMER=C:\Users\aashi\OneDrive, ANACONDA_HOME=C:\Users\aashi\anaconda3, WINDIR=C:\WINDOWS, HOMEPATH=\Users\aashi, PROCESSOR_IDENTIFIER=Intel64 Family 6 Model 165 Stepping 2, GenuineIntel, POWERSHELL_DISTRIBUTION_CHANNEL=MSI:Windows 10 Home Single Language, PUBLIC=C:\Users\Public, =::=::\, MINGW_HOME=C:\MinGW, CONDA_BAT=C:\Users\aashi\anaconda3\condabin\conda.bat, PYCHARM COMMUNITY EDITION=C:\Program Files\JetBrains\PyCharm Community Edition 2022.3.3\bin;, WRITERSIDE=C:\Program Files\JetBrains\Writerside 232.10165\bin;, LOCALAPPDATA=C:\Users\aashi\AppData\Local, COMMONPROGRAMFILES(X86)=C:\Program Files (x86)\Common Files, USERDOMAIN=LAPTOP-DJ3RR2OM, CONDA_EXE=C:\Users\aashi\anaconda3\Scripts\conda.exe, LOGONSERVER=\\LAPTOP-DJ3RR2OM, JAVA_HOME=C:\Program Files\Java\jdk-17, PROMPT=$P$G, PROGRAMFILES(X86)=C:\Program Files (x86), EFC_26668=1, FLUTTER_ROOT=C:\Flutter\flutter_windows-3.7.12-stable\flutter, =C:=C:\Users\aashi\GitHub\My Repositories\Learn-Spring-Boot\Section 10 - Health Checks and Metrics\productrestapi, APPDATA=C:\Users\aashi\AppData\Roaming, PROGRAMW6432=C:\Program Files, SYSTEMROOT=C:\WINDOWS, CHOCOLATEYINSTALL=C:\ProgramData\chocolatey, CONDA_SHLVL=0, VBOX_MSI_INSTALL_PATH=C:\Program Files\Oracle\VirtualBox\, OS=Windows_NT, COMMONPROGRAMW6432=C:\Program Files\Common Files, COMPUTERNAME=LAPTOP-DJ3RR2OM, INTELLIJ IDEA COMMUNITY EDITION=C:\Program Files\JetBrains\IntelliJ IDEA Community Edition 2022.3.3\bin;, JETBRAINS GATEWAY=C:\Program Files\JetBrains\JetBrains Gateway 2023.2.4\bin;, COMMONPROGRAMFILES=C:\Program Files\Common Files, COMSPEC=C:\WINDOWS\system32\cmd.exe, PROCESSOR_REVISION=a502, PUB_CACHE=C:\Users\aashi\AppData\Local\Pub\Cache, TEMP=C:\Users\aashi\AppData\Local\Temp, HOMEDRIVE=C:, USERPROFILE=C:\Users\aashi, TMP=C:\Users\aashi\AppData\Local\Temp, NUMBER_OF_PROCESSORS=12}}]
00:11:19.610 [main] DEBUG org.springframework.core.io.support.PathMatchingResourcePatternResolver - Resolved classpath location [com/bharath/springweb/] to resources [URL [file:/C:/Users/aashi/GitHub/My%20Repositories/Learn-Spring-Boot/Section%2010%20-%20Health%20Checks%20and%20Metrics/productrestapi/target/test-classes/com/bharath/springweb/]]
00:11:19.611 [main] DEBUG org.springframework.core.io.support.PathMatchingResourcePatternResolver - Looking for matching resources in directory tree [C:\Users\aashi\GitHub\My Repositories\Learn-Spring-Boot\Section 10 - Health Checks and Metrics\productrestapi\target\test-classes\com\bharath\springweb]
00:11:19.612 [main] DEBUG org.springframework.core.io.support.PathMatchingResourcePatternResolver - Searching directory [C:\Users\aashi\GitHub\My Repositories\Learn-Spring-Boot\Section 10 - Health Checks and Metrics\productrestapi\target\test-classes\com\bharath\springweb] for files matching pattern [C:/Users/aashi/GitHub/My Repositories/Learn-Spring-Boot/Section 10 - Health Checks and Metrics/productrestapi/target/test-classes/com/bharath/springweb/*.class]
00:11:19.616 [main] DEBUG org.springframework.core.io.support.PathMatchingResourcePatternResolver - Resolved location pattern [classpath*:com/bharath/springweb/*.class] to resources [file [C:\Users\aashi\GitHub\My Repositories\Learn-Spring-Boot\Section 10 - Health Checks and Metrics\productrestapi\target\test-classes\com\bharath\springweb\ProductrestapiApplicationTests.class]]
00:11:19.651 [main] DEBUG org.springframework.core.io.support.PathMatchingResourcePatternResolver - Resolved classpath location [com/bharath/] to resources [URL [file:/C:/Users/aashi/GitHub/My%20Repositories/Learn-Spring-Boot/Section%2010%20-%20Health%20Checks%20and%20Metrics/productrestapi/target/test-classes/com/bharath/]]
00:11:19.651 [main] DEBUG org.springframework.core.io.support.PathMatchingResourcePatternResolver - Looking for matching resources in directory tree [C:\Users\aashi\GitHub\My Repositories\Learn-Spring-Boot\Section 10 - Health Checks and Metrics\productrestapi\target\test-classes\com\bharath]
00:11:19.653 [main] DEBUG org.springframework.core.io.support.PathMatchingResourcePatternResolver - Searching directory [C:\Users\aashi\GitHub\My Repositories\Learn-Spring-Boot\Section 10 - Health Checks and Metrics\productrestapi\target\test-classes\com\bharath] for files matching pattern [C:/Users/aashi/GitHub/My Repositories/Learn-Spring-Boot/Section 10 - Health Checks and Metrics/productrestapi/target/test-classes/com/bharath/*.class]
00:11:19.653 [main] DEBUG org.springframework.core.io.support.PathMatchingResourcePatternResolver - Resolved location pattern [classpath*:com/bharath/*.class] to resources []
00:11:19.655 [main] DEBUG org.springframework.core.io.support.PathMatchingResourcePatternResolver - Resolved classpath location [com/] to resources [URL [file:/C:/Users/aashi/GitHub/My%20Repositories/Learn-Spring-Boot/Section%2010%20-%20Health%20Checks%20and%20Metrics/productrestapi/target/test-classes/com/], URL [file:/C:/Users/aashi/GitHub/My%20Repositories/Learn-Spring-Boot/Section%2010%20-%20Health%20Checks%20and%20Metrics/productrestapi/target/classes/com/], URL [jar:file:/C:/Users/aashi/.m2/repository/com/zaxxer/HikariCP/2.7.9/HikariCP-2.7.9.jar!/com/], URL [jar:file:/C:/Users/aashi/.m2/repository/com/fasterxml/classmate/1.3.4/classmate-1.3.4.jar!/com/], URL [jar:file:/C:/Users/aashi/.m2/repository/com/fasterxml/jackson/core/jackson-databind/2.9.7/jackson-databind-2.9.7.jar!/com/], URL [jar:file:/C:/Users/aashi/.m2/repository/com/fasterxml/jackson/core/jackson-annotations/2.9.0/jackson-annotations-2.9.0.jar!/com/], URL [jar:file:/C:/Users/aashi/.m2/repository/com/fasterxml/jackson/core/jackson-core/2.9.7/jackson-core-2.9.7.jar!/com/], URL [jar:file:/C:/Users/aashi/.m2/repository/com/fasterxml/jackson/datatype/jackson-datatype-jdk8/2.9.7/jackson-datatype-jdk8-2.9.7.jar!/com/], URL [jar:file:/C:/Users/aashi/.m2/repository/com/fasterxml/jackson/datatype/jackson-datatype-jsr310/2.9.7/jackson-datatype-jsr310-2.9.7.jar!/com/], URL [jar:file:/C:/Users/aashi/.m2/repository/com/fasterxml/jackson/module/jackson-module-parameter-names/2.9.7/jackson-module-parameter-names-2.9.7.jar!/com/], URL [jar:file:/C:/Users/aashi/.m2/repository/mysql/mysql-connector-java/5.1.47/mysql-connector-java-5.1.47.jar!/com/], URL [jar:file:/C:/Users/aashi/.m2/repository/com/jayway/jsonpath/json-path/2.4.0/json-path-2.4.0.jar!/com/]]
00:11:19.656 [main] DEBUG org.springframework.core.io.support.PathMatchingResourcePatternResolver - Looking for matching resources in directory tree [C:\Users\aashi\GitHub\My Repositories\Learn-Spring-Boot\Section 10 - Health Checks and Metrics\productrestapi\target\test-classes\com]
00:11:19.656 [main] DEBUG org.springframework.core.io.support.PathMatchingResourcePatternResolver - Searching directory [C:\Users\aashi\GitHub\My Repositories\Learn-Spring-Boot\Section 10 - Health Checks and Metrics\productrestapi\target\test-classes\com] for files matching pattern [C:/Users/aashi/GitHub/My Repositories/Learn-Spring-Boot/Section 10 - Health Checks and Metrics/productrestapi/target/test-classes/com/*.class]
00:11:19.657 [main] DEBUG org.springframework.core.io.support.PathMatchingResourcePatternResolver - Looking for matching resources in directory tree [C:\Users\aashi\GitHub\My Repositories\Learn-Spring-Boot\Section 10 - Health Checks and Metrics\productrestapi\target\classes\com]
00:11:19.658 [main] DEBUG org.springframework.core.io.support.PathMatchingResourcePatternResolver - Searching directory [C:\Users\aashi\GitHub\My Repositories\Learn-Spring-Boot\Section 10 - Health Checks and Metrics\productrestapi\target\classes\com] for files matching pattern [C:/Users/aashi/GitHub/My Repositories/Learn-Spring-Boot/Section 10 - Health Checks and Metrics/productrestapi/target/classes/com/*.class]
00:11:19.659 [main] DEBUG org.springframework.core.io.support.PathMatchingResourcePatternResolver - Looking for matching resources in jar file [file:/C:/Users/aashi/.m2/repository/com/zaxxer/HikariCP/2.7.9/HikariCP-2.7.9.jar]
00:11:19.662 [main] DEBUG org.springframework.core.io.support.PathMatchingResourcePatternResolver - Looking for matching resources in jar file [file:/C:/Users/aashi/.m2/repository/com/fasterxml/classmate/1.3.4/classmate-1.3.4.jar]
00:11:19.663 [main] DEBUG org.springframework.core.io.support.PathMatchingResourcePatternResolver - Looking for matching resources in jar file [file:/C:/Users/aashi/.m2/repository/com/fasterxml/jackson/core/jackson-databind/2.9.7/jackson-databind-2.9.7.jar]
00:11:19.675 [main] DEBUG org.springframework.core.io.support.PathMatchingResourcePatternResolver - Looking for matching resources in jar file [file:/C:/Users/aashi/.m2/repository/com/fasterxml/jackson/core/jackson-annotations/2.9.0/jackson-annotations-2.9.0.jar]
00:11:19.676 [main] DEBUG org.springframework.core.io.support.PathMatchingResourcePatternResolver - Looking for matching resources in jar file [file:/C:/Users/aashi/.m2/repository/com/fasterxml/jackson/core/jackson-core/2.9.7/jackson-core-2.9.7.jar]
00:11:19.678 [main] DEBUG org.springframework.core.io.support.PathMatchingResourcePatternResolver - Looking for matching resources in jar file [file:/C:/Users/aashi/.m2/repository/com/fasterxml/jackson/datatype/jackson-datatype-jdk8/2.9.7/jackson-datatype-jdk8-2.9.7.jar]
00:11:19.678 [main] DEBUG org.springframework.core.io.support.PathMatchingResourcePatternResolver - Looking for matching resources in jar file [file:/C:/Users/aashi/.m2/repository/com/fasterxml/jackson/datatype/jackson-datatype-jsr310/2.9.7/jackson-datatype-jsr310-2.9.7.jar]
00:11:19.679 [main] DEBUG org.springframework.core.io.support.PathMatchingResourcePatternResolver - Looking for matching resources in jar file [file:/C:/Users/aashi/.m2/repository/com/fasterxml/jackson/module/jackson-module-parameter-names/2.9.7/jackson-module-parameter-names-2.9.7.jar]
00:11:19.680 [main] DEBUG org.springframework.core.io.support.PathMatchingResourcePatternResolver - Looking for matching resources in jar file [file:/C:/Users/aashi/.m2/repository/mysql/mysql-connector-java/5.1.47/mysql-connector-java-5.1.47.jar]
00:11:19.683 [main] DEBUG org.springframework.core.io.support.PathMatchingResourcePatternResolver - Looking for matching resources in jar file [file:/C:/Users/aashi/.m2/repository/com/jayway/jsonpath/json-path/2.4.0/json-path-2.4.0.jar]
00:11:19.685 [main] DEBUG org.springframework.core.io.support.PathMatchingResourcePatternResolver - Resolved location pattern [classpath*:com/*.class] to resources []
]]></system-out>
  </testcase>
</testsuite>